0 info it worked if it ends with ok
1 verbose cli [ 'c:\\Program Files\\nodejs\\node.exe',
1 verbose cli   'c:\\Program Files\\nodejs\\node_modules\\npm\\bin\\npm-cli.js',
1 verbose cli   'install',
1 verbose cli   '--save',
1 verbose cli   'gulp-sourcemap' ]
2 info using npm@1.4.28
3 info using node@v0.10.32
4 warn package.json @ No description
5 warn package.json @ No repository field.
6 warn package.json @ No README data
7 verbose readDependencies using package.json deps
8 verbose cache add [ 'gulp-sourcemap', null ]
9 verbose cache add name=undefined spec="gulp-sourcemap" args=["gulp-sourcemap",null]
10 verbose parsed url { protocol: null,
10 verbose parsed url   slashes: null,
10 verbose parsed url   auth: null,
10 verbose parsed url   host: null,
10 verbose parsed url   port: null,
10 verbose parsed url   hostname: null,
10 verbose parsed url   hash: null,
10 verbose parsed url   search: null,
10 verbose parsed url   query: null,
10 verbose parsed url   pathname: 'gulp-sourcemap',
10 verbose parsed url   path: 'gulp-sourcemap',
10 verbose parsed url   href: 'gulp-sourcemap' }
11 silly lockFile cf95f475-gulp-sourcemap gulp-sourcemap
12 verbose lock gulp-sourcemap C:\Users\veni\AppData\Roaming\npm-cache\cf95f475-gulp-sourcemap.lock
13 silly lockFile cf95f475-gulp-sourcemap gulp-sourcemap
14 silly lockFile cf95f475-gulp-sourcemap gulp-sourcemap
15 verbose addNamed [ 'gulp-sourcemap', '' ]
16 verbose addNamed [ null, '*' ]
17 silly lockFile 4a079ad1-gulp-sourcemap gulp-sourcemap@
18 verbose lock gulp-sourcemap@ C:\Users\veni\AppData\Roaming\npm-cache\4a079ad1-gulp-sourcemap.lock
19 silly addNameRange { name: 'gulp-sourcemap', range: '*', hasData: false }
20 verbose request where is /gulp-sourcemap
21 verbose request registry https://registry.npmjs.org/
22 verbose request id 4bcd4dff3b27e5e3
23 verbose url raw /gulp-sourcemap
24 verbose url resolving [ 'https://registry.npmjs.org/', './gulp-sourcemap' ]
25 verbose url resolved https://registry.npmjs.org/gulp-sourcemap
26 verbose request where is https://registry.npmjs.org/gulp-sourcemap
27 info trying registry request attempt 1 at 11:23:41
28 http GET https://registry.npmjs.org/gulp-sourcemap
29 http 404 https://registry.npmjs.org/gulp-sourcemap
30 verbose headers { server: 'CouchDB/1.5.0 (Erlang OTP/R16B03)',
30 verbose headers   'content-type': 'application/json',
30 verbose headers   'cache-control': 'max-age=0',
30 verbose headers   'content-length': '51',
30 verbose headers   'accept-ranges': 'bytes',
30 verbose headers   date: 'Sun, 31 May 2015 08:23:46 GMT',
30 verbose headers   via: '1.1 varnish',
30 verbose headers   age: '0',
30 verbose headers   connection: 'keep-alive',
30 verbose headers   'x-served-by': 'cache-fra1231-FRA',
30 verbose headers   'x-cache': 'MISS',
30 verbose headers   'x-cache-hits': '0',
30 verbose headers   'x-timer': 'S1433060626.480458,VS0,VE424' }
31 silly registry.get cb [ 404,
31 silly registry.get   { server: 'CouchDB/1.5.0 (Erlang OTP/R16B03)',
31 silly registry.get     'content-type': 'application/json',
31 silly registry.get     'cache-control': 'max-age=0',
31 silly registry.get     'content-length': '51',
31 silly registry.get     'accept-ranges': 'bytes',
31 silly registry.get     date: 'Sun, 31 May 2015 08:23:46 GMT',
31 silly registry.get     via: '1.1 varnish',
31 silly registry.get     age: '0',
31 silly registry.get     connection: 'keep-alive',
31 silly registry.get     'x-served-by': 'cache-fra1231-FRA',
31 silly registry.get     'x-cache': 'MISS',
31 silly registry.get     'x-cache-hits': '0',
31 silly registry.get     'x-timer': 'S1433060626.480458,VS0,VE424' } ]
32 silly lockFile 4a079ad1-gulp-sourcemap gulp-sourcemap@
33 silly lockFile 4a079ad1-gulp-sourcemap gulp-sourcemap@
34 error 404 404 Not Found: gulp-sourcemap
34 error 404
34 error 404 'gulp-sourcemap' is not in the npm registry.
34 error 404 You should bug the author to publish it
34 error 404
34 error 404 Note that you can also install from a
34 error 404 tarball, folder, or http url, or git url.
35 error System Windows_NT 6.1.7601
36 error command "c:\\Program Files\\nodejs\\node.exe" "c:\\Program Files\\nodejs\\node_modules\\npm\\bin\\npm-cli.js" "install" "--save" "gulp-sourcemap"
37 error cwd d:\5_WebProgramming\Synth\Components_protos\Modules - Copy
38 error node -v v0.10.32
39 error npm -v 1.4.28
40 error code E404
41 verbose exit [ 1, true ]
